Determining if the pthread_create exist failed with the following output:
Change Dir: /home/aitor/ros/ROS-TheConstruct-Courses/urdf_for_robot_modelling_ws/build/my_mira_description/CMakeFiles/CMakeTmp

Run Build Command:"/usr/bin/make" "cmTC_7688d/fast"
/usr/bin/make -f CMakeFiles/cmTC_7688d.dir/build.make CMakeFiles/cmTC_7688d.dir/build
make[1]: Entering directory '/home/aitor/ros/ROS-TheConstruct-Courses/urdf_for_robot_modelling_ws/build/my_mira_description/CMakeFiles/CMakeTmp'
Building C object CMakeFiles/cmTC_7688d.dir/CheckSymbolExists.c.o
/usr/bin/cc    -o CMakeFiles/cmTC_7688d.dir/CheckSymbolExists.c.o   -c /home/aitor/ros/ROS-TheConstruct-Courses/urdf_for_robot_modelling_ws/build/my_mira_description/CMakeFiles/CMakeTmp/CheckSymbolExists.c
Linking C executable cmTC_7688d
/usr/bin/cmake -E cmake_link_script CMakeFiles/cmTC_7688d.dir/link.txt --verbose=1
/usr/bin/cc      -rdynamic CMakeFiles/cmTC_7688d.dir/CheckSymbolExists.c.o  -o cmTC_7688d 
CMakeFiles/cmTC_7688d.dir/CheckSymbolExists.c.o: In function `main':
CheckSymbolExists.c:(.text+0x1b): undefined reference to `pthread_create'
collect2: error: ld returned 1 exit status
CMakeFiles/cmTC_7688d.dir/build.make:97: recipe for target 'cmTC_7688d' failed
make[1]: *** [cmTC_7688d] Error 1
make[1]: Leaving directory '/home/aitor/ros/ROS-TheConstruct-Courses/urdf_for_robot_modelling_ws/build/my_mira_description/CMakeFiles/CMakeTmp'
Makefile:126: recipe for target 'cmTC_7688d/fast' failed
make: *** [cmTC_7688d/fast] Error 2

File /home/aitor/ros/ROS-TheConstruct-Courses/urdf_for_robot_modelling_ws/build/my_mira_description/CMakeFiles/CMakeTmp/CheckSymbolExists.c:
/* */
#include <pthread.h>

int main(int argc, char** argv)
{
  (void)argv;
#ifndef pthread_create
  return ((int*)(&pthread_create))[argc];
#else
  (void)argc;
  return 0;
#endif
}

Determining if the function pthread_create exists in the pthreads failed with the following output:
Change Dir: /home/aitor/ros/ROS-TheConstruct-Courses/urdf_for_robot_modelling_ws/build/my_mira_description/CMakeFiles/CMakeTmp

Run Build Command:"/usr/bin/make" "cmTC_71815/fast"
/usr/bin/make -f CMakeFiles/cmTC_71815.dir/build.make CMakeFiles/cmTC_71815.dir/build
make[1]: Entering directory '/home/aitor/ros/ROS-TheConstruct-Courses/urdf_for_robot_modelling_ws/build/my_mira_description/CMakeFiles/CMakeTmp'
Building C object CMakeFiles/cmTC_71815.dir/CheckFunctionExists.c.o
/usr/bin/cc   -DCHECK_FUNCTION_EXISTS=pthread_create   -o CMakeFiles/cmTC_71815.dir/CheckFunctionExists.c.o   -c /usr/share/cmake-3.10/Modules/CheckFunctionExists.c
Linking C executable cmTC_71815
/usr/bin/cmake -E cmake_link_script CMakeFiles/cmTC_71815.dir/link.txt --verbose=1
/usr/bin/cc  -DCHECK_FUNCTION_EXISTS=pthread_create    -rdynamic CMakeFiles/cmTC_71815.dir/CheckFunctionExists.c.o  -o cmTC_71815 -lpthreads 
/usr/bin/ld: cannot find -lpthreads
collect2: error: ld returned 1 exit status
CMakeFiles/cmTC_71815.dir/build.make:97: recipe for target 'cmTC_71815' failed
make[1]: *** [cmTC_71815] Error 1
make[1]: Leaving directory '/home/aitor/ros/ROS-TheConstruct-Courses/urdf_for_robot_modelling_ws/build/my_mira_description/CMakeFiles/CMakeTmp'
Makefile:126: recipe for target 'cmTC_71815/fast' failed
make: *** [cmTC_71815/fast] Error 2


